Using pre-set license
Built from '2021.3/staging' branch; Version is '2021.3.21f1 (1b156197d683) revision 1774945'; Using compiler version '192829333'; Build Type 'Release'
OS: 'Windows 10  (10.0.19045) 64bit Professional' Language: 'zh' Physical Memory: 65370 MB
BatchMode: 1, IsHumanControllingUs: 0, StartBugReporterOnCrash: 0, Is64bit: 1, IsPro: 1

COMMAND LINE ARGUMENTS:
D:\Softwares\UnityEditor\2021.3.21f1\Editor\Unity.exe
-adb2
-batchMode
-noUpm
-name
AssetImportWorker0
-projectPath
D:/Projects/Unity/UnityMrtTest2
-logFile
Logs/AssetImportWorker0.log
-srvPort
52554
Successfully changed project path to: D:/Projects/Unity/UnityMrtTest2
D:/Projects/Unity/UnityMrtTest2
[UnityMemory] Configuration Parameters - Can be set up in boot.config
    "memorysetup-bucket-allocator-granularity=16"
    "memorysetup-bucket-allocator-bucket-count=8"
    "memorysetup-bucket-allocator-block-size=33554432"
    "memorysetup-bucket-allocator-block-count=8"
    "memorysetup-main-allocator-block-size=16777216"
    "memorysetup-thread-allocator-block-size=16777216"
    "memorysetup-gfx-main-allocator-block-size=16777216"
    "memorysetup-gfx-thread-allocator-block-size=16777216"
    "memorysetup-cache-allocator-block-size=4194304"
    "memorysetup-typetree-allocator-block-size=2097152"
    "memorysetup-profiler-bucket-allocator-granularity=16"
    "memorysetup-profiler-bucket-allocator-bucket-count=8"
    "memorysetup-profiler-bucket-allocator-block-size=33554432"
    "memorysetup-profiler-bucket-allocator-block-count=8"
    "memorysetup-profiler-allocator-block-size=16777216"
    "memorysetup-profiler-editor-allocator-block-size=1048576"
    "memorysetup-temp-allocator-size-main=16777216"
    "memorysetup-job-temp-allocator-block-size=2097152"
    "memorysetup-job-temp-allocator-block-size-background=1048576"
    "memorysetup-job-temp-allocator-reduction-small-platforms=262144"
    "memorysetup-temp-allocator-size-background-worker=32768"
    "memorysetup-temp-allocator-size-job-worker=262144"
    "memorysetup-temp-allocator-size-preload-manager=33554432"
    "memorysetup-temp-allocator-size-nav-mesh-worker=65536"
    "memorysetup-temp-allocator-size-audio-worker=65536"
    "memorysetup-temp-allocator-size-cloud-worker=32768"
    "memorysetup-temp-allocator-size-gi-baking-worker=262144"
    "memorysetup-temp-allocator-size-gfx=262144"
Player connection [42356] Host "[IP] 10.1.52.79 [Port] 0 [Flags] 2 [Guid] 4180175815 [EditorId] 4180175815 [Version] 1048832 [Id] WindowsEditor(7,RD1XHY-O-XuHaoYi-lilith) [Debug] 1 [PackageName] WindowsEditor [ProjectName] Editor" joined multi-casting on [225.0.0.222:54997]...

Player connection [42356] Host "[IP] 10.1.52.79 [Port] 0 [Flags] 2 [Guid] 4180175815 [EditorId] 4180175815 [Version] 1048832 [Id] WindowsEditor(7,RD1XHY-O-XuHaoYi-lilith) [Debug] 1 [PackageName] WindowsEditor [ProjectName] Editor" joined alternative multi-casting on [225.0.0.222:34997]...

Refreshing native plugins compatible for Editor in 50.55 ms, found 3 plugins.
Preloading 0 native plugins for Editor in 0.00 ms.
Initialize engine version: 2021.3.21f1 (1b156197d683)
[Subsystems] Discovering subsystems at path D:/Softwares/UnityEditor/2021.3.21f1/Editor/Data/Resources/UnitySubsystems
[Subsystems] Discovering subsystems at path D:/Projects/Unity/UnityMrtTest2/Assets
GfxDevice: creating device client; threaded=0; jobified=0
Direct3D:
    Version:  Direct3D 11.0 [level 11.1]
    Renderer: NVIDIA GeForce RTX 4070 Ti (ID=0x2782)
    Vendor:   NVIDIA
    VRAM:     12010 MB
    Driver:   31.0.15.3758
Initialize mono
Mono path[0] = 'D:/Softwares/UnityEditor/2021.3.21f1/Editor/Data/Managed'
Mono path[1] = 'D:/Softwares/UnityEditor/2021.3.21f1/Editor/Data/MonoBleedingEdge/lib/mono/unityjit-win32'
Mono config path = 'D:/Softwares/UnityEditor/2021.3.21f1/Editor/Data/MonoBleedingEdge/etc'
Using monoOptions --debugger-agent=transport=dt_socket,embedding=1,server=y,suspend=n,address=127.0.0.1:56344
Begin MonoManager ReloadAssembly
Registering precompiled unity dll's ...
Register platform support module: D:/Softwares/UnityEditor/2021.3.21f1/Editor/Data/PlaybackEngines/WebGLSupport/UnityEditor.WebGL.Extensions.dll
Register platform support module: D:/Softwares/UnityEditor/2021.3.21f1/Editor/Data/PlaybackEngines/AndroidPlayer/UnityEditor.Android.Extensions.dll
Register platform support module: D:/Softwares/UnityEditor/2021.3.21f1/Editor/Data/PlaybackEngines/WindowsStandaloneSupport/UnityEditor.WindowsStandalone.Extensions.dll
Registered in 0.003330 seconds.
Native extension for WindowsStandalone target not found
Native extension for Android target not found
Native extension for WebGL target not found
Refreshing native plugins compatible for Editor in 50.30 ms, found 3 plugins.
Preloading 0 native plugins for Editor in 0.00 ms.
Mono: successfully reloaded assembly
- Completed reload, in  0.567 seconds
Domain Reload Profiling:
	ReloadAssembly (567ms)
		BeginReloadAssembly (86ms)
			ExecutionOrderSort (0ms)
			DisableScriptedObjects (0ms)
			BackupInstance (0ms)
			ReleaseScriptingObjects (0ms)
			CreateAndSetChildDomain (1ms)
		EndReloadAssembly (399ms)
			LoadAssemblies (86ms)
			RebuildTransferFunctionScriptingTraits (0ms)
			SetupTypeCache (95ms)
			ReleaseScriptCaches (0ms)
			RebuildScriptCaches (24ms)
			SetupLoadedEditorAssemblies (235ms)
				LogAssemblyErrors (0ms)
				InitializePlatformSupportModulesInManaged (48ms)
				SetLoadedEditorAssemblies (0ms)
				RefreshPlugins (50ms)
				BeforeProcessingInitializeOnLoad (1ms)
				ProcessInitializeOnLoadAttributes (90ms)
				ProcessInitializeOnLoadMethodAttributes (45ms)
				AfterProcessingInitializeOnLoad (0ms)
				EditorAssembliesLoaded (0ms)
			ExecutionOrderSort2 (0ms)
			AwakeInstancesAfterBackupRestoration (0ms)
Platform modules already initialized, skipping
Registering precompiled user dll's ...
Registered in 0.003226 seconds.
Begin MonoManager ReloadAssembly
Symbol file LoadedFromMemory doesn't match image D:\Projects\Unity\UnityMrtTest2\Library\PackageCache\com.unity.visualscripting@1.8.0\Editor\VisualScripting.Core\Dependencies\YamlDotNet\Unity.VisualScripting.YamlDotNet.dll
Symbol file LoadedFromMemory doesn't match image D:\Projects\Unity\UnityMrtTest2\Library\PackageCache\com.unity.visualscripting@1.8.0\Editor\VisualScripting.Core\Dependencies\DotNetZip\Unity.VisualScripting.IonicZip.dll
Native extension for WindowsStandalone target not found
Native extension for Android target not found
Native extension for WebGL target not found
Refreshing native plugins compatible for Editor in 0.56 ms, found 3 plugins.
Preloading 0 native plugins for Editor in 0.00 ms.
Mono: successfully reloaded assembly
- Completed reload, in  0.801 seconds
Domain Reload Profiling:
	ReloadAssembly (802ms)
		BeginReloadAssembly (118ms)
			ExecutionOrderSort (0ms)
			DisableScriptedObjects (6ms)
			BackupInstance (0ms)
			ReleaseScriptingObjects (0ms)
			CreateAndSetChildDomain (18ms)
		EndReloadAssembly (593ms)
			LoadAssemblies (82ms)
			RebuildTransferFunctionScriptingTraits (0ms)
			SetupTypeCache (180ms)
			ReleaseScriptCaches (0ms)
			RebuildScriptCaches (42ms)
			SetupLoadedEditorAssemblies (270ms)
				LogAssemblyErrors (0ms)
				InitializePlatformSupportModulesInManaged (16ms)
				SetLoadedEditorAssemblies (0ms)
				RefreshPlugins (1ms)
				BeforeProcessingInitializeOnLoad (54ms)
				ProcessInitializeOnLoadAttributes (179ms)
				ProcessInitializeOnLoadMethodAttributes (17ms)
				AfterProcessingInitializeOnLoad (3ms)
				EditorAssembliesLoaded (0ms)
			ExecutionOrderSort2 (0ms)
			AwakeInstancesAfterBackupRestoration (6ms)
Platform modules already initialized, skipping
========================================================================
Worker process is ready to serve import requests
Launched and connected shader compiler UnityShaderCompiler.exe after 0.03 seconds
Refreshing native plugins compatible for Editor in 0.33 ms, found 3 plugins.
Preloading 0 native plugins for Editor in 0.00 ms.
Unloading 2920 Unused Serialized files (Serialized files now loaded: 0)
Unloading 21 unused Assets / (56.1 KB). Loaded Objects now: 3385.
Memory consumption went from 103.0 MB to 102.9 MB.
Total: 2.443900 ms (FindLiveObjects: 0.228300 ms CreateObjectMapping: 0.064100 ms MarkObjects: 2.092400 ms  DeleteObjects: 0.058500 ms)

AssetImportParameters requested are different than current active one (requested -> active):
  custom:video-decoder-ogg-theora: a1e56fd34408186e4bbccfd4996cb3dc -> 
  custom:container-muxer-webm: aa71ff27fc2769a1b78a27578f13a17b -> 
  custom:container-demuxer-webm: 4f35f7cbe854078d1ac9338744f61a02 -> 
  custom:video-encoder-webm-vp8: eb34c28f22e8b96e1ab97ce403110664 -> 
  custom:audio-encoder-webm-vorbis: bf7c407c2cedff20999df2af8eb42d56 -> 
  custom:framework-win-MediaFoundation: 216162199b28c13a410421893ffa2e32 -> 
  custom:container-demuxer-ogg: 62fdf1f143b41e24485cea50d1cbac27 -> 
  custom:video-decoder-webm-vp8: 9c59270c3fd7afecdb556c50c9e8de78 -> 
  custom:audio-decoder-ogg-vorbis: bf7c407c2cedff20999df2af8eb42d56 -> 
========================================================================
Received Import Request.
  Time since last request: 1025.004128 seconds.
  path: Assets/MrtTest.cs
  artifactKey: Guid(8f1af47a39a6d4be9bae115859a31ef0) Importer(815301076,1909f56bfc062723c751e8b465ee728b)
Start importing Assets/MrtTest.cs using Guid(8f1af47a39a6d4be9bae115859a31ef0) Importer(815301076,1909f56bfc062723c751e8b465ee728b)  -> (artifact id: 'f07de26815bfcdd58582632148814cc1') in 0.023431 seconds 
========================================================================
Received Prepare
Registering precompiled user dll's ...
Registered in 0.004119 seconds.
Begin MonoManager ReloadAssembly
Symbol file LoadedFromMemory doesn't match image D:\Projects\Unity\UnityMrtTest2\Library\PackageCache\com.unity.visualscripting@1.8.0\Editor\VisualScripting.Core\Dependencies\YamlDotNet\Unity.VisualScripting.YamlDotNet.dll
Symbol file LoadedFromMemory doesn't match image D:\Projects\Unity\UnityMrtTest2\Library\PackageCache\com.unity.visualscripting@1.8.0\Editor\VisualScripting.Core\Dependencies\DotNetZip\Unity.VisualScripting.IonicZip.dll
Native extension for WindowsStandalone target not found
Native extension for Android target not found
Native extension for WebGL target not found
Refreshing native plugins compatible for Editor in 0.46 ms, found 3 plugins.
Preloading 0 native plugins for Editor in 0.00 ms.
Mono: successfully reloaded assembly
- Completed reload, in  0.758 seconds
Domain Reload Profiling:
	ReloadAssembly (758ms)
		BeginReloadAssembly (135ms)
			ExecutionOrderSort (0ms)
			DisableScriptedObjects (6ms)
			BackupInstance (0ms)
			ReleaseScriptingObjects (0ms)
			CreateAndSetChildDomain (28ms)
		EndReloadAssembly (545ms)
			LoadAssemblies (95ms)
			RebuildTransferFunctionScriptingTraits (0ms)
			SetupTypeCache (177ms)
			ReleaseScriptCaches (1ms)
			RebuildScriptCaches (33ms)
			SetupLoadedEditorAssemblies (232ms)
				LogAssemblyErrors (0ms)
				InitializePlatformSupportModulesInManaged (15ms)
				SetLoadedEditorAssemblies (0ms)
				RefreshPlugins (1ms)
				BeforeProcessingInitializeOnLoad (40ms)
				ProcessInitializeOnLoadAttributes (155ms)
				ProcessInitializeOnLoadMethodAttributes (17ms)
				AfterProcessingInitializeOnLoad (3ms)
				EditorAssembliesLoaded (0ms)
			ExecutionOrderSort2 (0ms)
			AwakeInstancesAfterBackupRestoration (7ms)
Platform modules already initialized, skipping
Refreshing native plugins compatible for Editor in 1.40 ms, found 3 plugins.
Preloading 0 native plugins for Editor in 0.00 ms.
Unloading 2914 Unused Serialized files (Serialized files now loaded: 0)
Unloading 14 unused Assets / (24.7 KB). Loaded Objects now: 3389.
Memory consumption went from 102.7 MB to 102.7 MB.
Total: 2.173500 ms (FindLiveObjects: 0.211800 ms CreateObjectMapping: 0.061100 ms MarkObjects: 1.886200 ms  DeleteObjects: 0.013400 ms)

AssetImportParameters requested are different than current active one (requested -> active):
  custom:video-decoder-ogg-theora: a1e56fd34408186e4bbccfd4996cb3dc -> 
  custom:container-muxer-webm: aa71ff27fc2769a1b78a27578f13a17b -> 
  custom:container-demuxer-webm: 4f35f7cbe854078d1ac9338744f61a02 -> 
  custom:video-encoder-webm-vp8: eb34c28f22e8b96e1ab97ce403110664 -> 
  custom:audio-encoder-webm-vorbis: bf7c407c2cedff20999df2af8eb42d56 -> 
  custom:framework-win-MediaFoundation: 216162199b28c13a410421893ffa2e32 -> 
  custom:container-demuxer-ogg: 62fdf1f143b41e24485cea50d1cbac27 -> 
  custom:video-decoder-webm-vp8: 9c59270c3fd7afecdb556c50c9e8de78 -> 
  custom:audio-decoder-ogg-vorbis: bf7c407c2cedff20999df2af8eb42d56 -> 
========================================================================
Received Import Request.
  Time since last request: 52.202578 seconds.
  path: Assets/MyStencil
  artifactKey: Guid(2516a22f8fc072049ba0d22bfb96930b) Importer(815301076,1909f56bfc062723c751e8b465ee728b)
Start importing Assets/MyStencil using Guid(2516a22f8fc072049ba0d22bfb96930b) Importer(815301076,1909f56bfc062723c751e8b465ee728b)  -> (artifact id: '0049f34c25b6e9b1763941744931e9e3') in 0.005932 seconds 
========================================================================
Received Import Request.
  Time since last request: 2.770585 seconds.
  path: Assets/MrtTest.shader
  artifactKey: Guid(9bcc79947d2854ebc8116bf2947b737e) Importer(815301076,1909f56bfc062723c751e8b465ee728b)
Start importing Assets/MrtTest.shader using Guid(9bcc79947d2854ebc8116bf2947b737e) Importer(815301076,1909f56bfc062723c751e8b465ee728b)  -> (artifact id: '06ec1b5d1b345ca588c275d8349d6cde') in 0.012049 seconds 
========================================================================
Received Import Request.
  Time since last request: 0.326641 seconds.
  path: Assets/StencilControl.cs
  artifactKey: Guid(99cac21cd35b9fc42a21042c60996ab8) Importer(815301076,1909f56bfc062723c751e8b465ee728b)
Start importing Assets/StencilControl.cs using Guid(99cac21cd35b9fc42a21042c60996ab8) Importer(815301076,1909f56bfc062723c751e8b465ee728b)  -> (artifact id: 'b222610f796f094e12b31be83aa0ae36') in 0.001279 seconds 
========================================================================
Received Prepare
Registering precompiled user dll's ...
Registered in 0.003539 seconds.
Begin MonoManager ReloadAssembly
Symbol file LoadedFromMemory doesn't match image D:\Projects\Unity\UnityMrtTest2\Library\PackageCache\com.unity.visualscripting@1.8.0\Editor\VisualScripting.Core\Dependencies\YamlDotNet\Unity.VisualScripting.YamlDotNet.dll
Symbol file LoadedFromMemory doesn't match image D:\Projects\Unity\UnityMrtTest2\Library\PackageCache\com.unity.visualscripting@1.8.0\Editor\VisualScripting.Core\Dependencies\DotNetZip\Unity.VisualScripting.IonicZip.dll
Native extension for WindowsStandalone target not found
Native extension for Android target not found
Native extension for WebGL target not found
Refreshing native plugins compatible for Editor in 0.52 ms, found 3 plugins.
Preloading 0 native plugins for Editor in 0.00 ms.
Mono: successfully reloaded assembly
- Completed reload, in  0.778 seconds
Domain Reload Profiling:
	ReloadAssembly (779ms)
		BeginReloadAssembly (143ms)
			ExecutionOrderSort (0ms)
			DisableScriptedObjects (5ms)
			BackupInstance (0ms)
			ReleaseScriptingObjects (0ms)
			CreateAndSetChildDomain (29ms)
		EndReloadAssembly (553ms)
			LoadAssemblies (106ms)
			RebuildTransferFunctionScriptingTraits (0ms)
			SetupTypeCache (182ms)
			ReleaseScriptCaches (1ms)
			RebuildScriptCaches (34ms)
			SetupLoadedEditorAssemblies (229ms)
				LogAssemblyErrors (0ms)
				InitializePlatformSupportModulesInManaged (16ms)
				SetLoadedEditorAssemblies (0ms)
				RefreshPlugins (1ms)
				BeforeProcessingInitializeOnLoad (41ms)
				ProcessInitializeOnLoadAttributes (152ms)
				ProcessInitializeOnLoadMethodAttributes (16ms)
				AfterProcessingInitializeOnLoad (3ms)
				EditorAssembliesLoaded (0ms)
			ExecutionOrderSort2 (0ms)
			AwakeInstancesAfterBackupRestoration (7ms)
Platform modules already initialized, skipping
Refreshing native plugins compatible for Editor in 1.04 ms, found 3 plugins.
Preloading 0 native plugins for Editor in 0.00 ms.
Unloading 2914 Unused Serialized files (Serialized files now loaded: 0)
Unloading 14 unused Assets / (24.7 KB). Loaded Objects now: 3393.
Memory consumption went from 102.7 MB to 102.7 MB.
Total: 2.137000 ms (FindLiveObjects: 0.198500 ms CreateObjectMapping: 0.059300 ms MarkObjects: 1.867800 ms  DeleteObjects: 0.010800 ms)

AssetImportParameters requested are different than current active one (requested -> active):
  custom:video-decoder-ogg-theora: a1e56fd34408186e4bbccfd4996cb3dc -> 
  custom:container-muxer-webm: aa71ff27fc2769a1b78a27578f13a17b -> 
  custom:container-demuxer-webm: 4f35f7cbe854078d1ac9338744f61a02 -> 
  custom:video-encoder-webm-vp8: eb34c28f22e8b96e1ab97ce403110664 -> 
  custom:audio-encoder-webm-vorbis: bf7c407c2cedff20999df2af8eb42d56 -> 
  custom:framework-win-MediaFoundation: 216162199b28c13a410421893ffa2e32 -> 
  custom:container-demuxer-ogg: 62fdf1f143b41e24485cea50d1cbac27 -> 
  custom:video-decoder-webm-vp8: 9c59270c3fd7afecdb556c50c9e8de78 -> 
  custom:audio-decoder-ogg-vorbis: bf7c407c2cedff20999df2af8eb42d56 -> 
========================================================================
Received Import Request.
  Time since last request: 24.366930 seconds.
  path: Assets/MyStencil/CUBE.mat
  artifactKey: Guid(666d28380b18f1643aba117a026b7fbe) Importer(815301076,1909f56bfc062723c751e8b465ee728b)
Start importing Assets/MyStencil/CUBE.mat using Guid(666d28380b18f1643aba117a026b7fbe) Importer(815301076,1909f56bfc062723c751e8b465ee728b)  -> (artifact id: '2cbf59cb85d4687adc833a0aeee5cdfa') in 0.226279 seconds 
========================================================================
Received Import Request.
  Time since last request: 17.985643 seconds.
  path: Assets/MyStencil/PLANE.mat
  artifactKey: Guid(f203c9877c3493b4f9b4177ae6558e4a) Importer(815301076,1909f56bfc062723c751e8b465ee728b)
Start importing Assets/MyStencil/PLANE.mat using Guid(f203c9877c3493b4f9b4177ae6558e4a) Importer(815301076,1909f56bfc062723c751e8b465ee728b)  -> (artifact id: '79a3c477d5456c01bc144d59dbdc7ef1') in 0.030331 seconds 
========================================================================
Received Import Request.
  Time since last request: 4.533657 seconds.
  path: Assets/MyStencil/OpaqueWithStencil.shader
  artifactKey: Guid(2fbdc6ee410ce7a408b991b564d53a8f) Importer(815301076,1909f56bfc062723c751e8b465ee728b)
Start importing Assets/MyStencil/OpaqueWithStencil.shader using Guid(2fbdc6ee410ce7a408b991b564d53a8f) Importer(815301076,1909f56bfc062723c751e8b465ee728b)  -> (artifact id: '6aac590134ae9cfef58a4f337ef6f352') in 0.003477 seconds 
========================================================================
Received Import Request.
  Time since last request: 1.559758 seconds.
  path: Assets/MyStencil/CUBE.shader
  artifactKey: Guid(2fbdc6ee410ce7a408b991b564d53a8f) Importer(815301076,1909f56bfc062723c751e8b465ee728b)
Start importing Assets/MyStencil/CUBE.shader using Guid(2fbdc6ee410ce7a408b991b564d53a8f) Importer(815301076,1909f56bfc062723c751e8b465ee728b)  -> (artifact id: '4d0d819a8c08fdfb0680ae2c9c280b08') in 0.002009 seconds 
========================================================================
Received Import Request.
  Time since last request: 6.066172 seconds.
  path: Assets/MyStencil/TransparentWithStencil.shader
  artifactKey: Guid(baf53a7046c7b3b47b81b8873166ee89) Importer(815301076,1909f56bfc062723c751e8b465ee728b)
Start importing Assets/MyStencil/TransparentWithStencil.shader using Guid(baf53a7046c7b3b47b81b8873166ee89) Importer(815301076,1909f56bfc062723c751e8b465ee728b)  -> (artifact id: '865b708afe1829f9cb61bbee916e205a') in 0.002015 seconds 
========================================================================
Received Import Request.
  Time since last request: 7.345202 seconds.
  path: Assets/MyStencil/PLANE.shader
  artifactKey: Guid(baf53a7046c7b3b47b81b8873166ee89) Importer(815301076,1909f56bfc062723c751e8b465ee728b)
Start importing Assets/MyStencil/PLANE.shader using Guid(baf53a7046c7b3b47b81b8873166ee89) Importer(815301076,1909f56bfc062723c751e8b465ee728b)  -> (artifact id: '8924ec43a885309eaf0df26563aa5ecc') in 0.001962 seconds 
========================================================================
Received Import Request.
  Time since last request: 109.694295 seconds.
  path: Assets/MyStencil/CUBE.mat
  artifactKey: Guid(666d28380b18f1643aba117a026b7fbe) Importer(815301076,1909f56bfc062723c751e8b465ee728b)
Start importing Assets/MyStencil/CUBE.mat using Guid(666d28380b18f1643aba117a026b7fbe) Importer(815301076,1909f56bfc062723c751e8b465ee728b)  -> (artifact id: '7e051b51c47de68ad3980e3d277c208c') in 0.028609 seconds 
========================================================================
Received Import Request.
  Time since last request: 73.039404 seconds.
  path: Assets/MyStencil/CUBE.mat
  artifactKey: Guid(666d28380b18f1643aba117a026b7fbe) Importer(815301076,1909f56bfc062723c751e8b465ee728b)
Start importing Assets/MyStencil/CUBE.mat using Guid(666d28380b18f1643aba117a026b7fbe) Importer(815301076,1909f56bfc062723c751e8b465ee728b)  -> (artifact id: 'd8b547941b0703a3ea42e46761901427') in 0.016536 seconds 
========================================================================
Received Import Request.
  Time since last request: 86.182270 seconds.
  path: Assets/MyStencil/stencilTest.unity
  artifactKey: Guid(21f262dcbf1db6e47bff276a31e38893) Importer(815301076,1909f56bfc062723c751e8b465ee728b)
Start importing Assets/MyStencil/stencilTest.unity using Guid(21f262dcbf1db6e47bff276a31e38893) Importer(815301076,1909f56bfc062723c751e8b465ee728b)  -> (artifact id: '8677d21f2d4a52fbeadd9b3fe9b9de4a') in 0.001421 seconds 
========================================================================
Received Prepare
Registering precompiled user dll's ...
Registered in 0.003143 seconds.
Begin MonoManager ReloadAssembly
Symbol file LoadedFromMemory doesn't match image D:\Projects\Unity\UnityMrtTest2\Library\PackageCache\com.unity.visualscripting@1.8.0\Editor\VisualScripting.Core\Dependencies\YamlDotNet\Unity.VisualScripting.YamlDotNet.dll
Symbol file LoadedFromMemory doesn't match image D:\Projects\Unity\UnityMrtTest2\Library\PackageCache\com.unity.visualscripting@1.8.0\Editor\VisualScripting.Core\Dependencies\DotNetZip\Unity.VisualScripting.IonicZip.dll
Native extension for WindowsStandalone target not found
Native extension for Android target not found
Native extension for WebGL target not found
Refreshing native plugins compatible for Editor in 0.55 ms, found 3 plugins.
Preloading 0 native plugins for Editor in 0.00 ms.
Mono: successfully reloaded assembly
- Completed reload, in  0.763 seconds
Domain Reload Profiling:
	ReloadAssembly (764ms)
		BeginReloadAssembly (132ms)
			ExecutionOrderSort (0ms)
			DisableScriptedObjects (4ms)
			BackupInstance (0ms)
			ReleaseScriptingObjects (0ms)
			CreateAndSetChildDomain (29ms)
		EndReloadAssembly (550ms)
			LoadAssemblies (96ms)
			RebuildTransferFunctionScriptingTraits (0ms)
			SetupTypeCache (181ms)
			ReleaseScriptCaches (1ms)
			RebuildScriptCaches (35ms)
			SetupLoadedEditorAssemblies (228ms)
				LogAssemblyErrors (0ms)
				InitializePlatformSupportModulesInManaged (16ms)
				SetLoadedEditorAssemblies (0ms)
				RefreshPlugins (1ms)
				BeforeProcessingInitializeOnLoad (41ms)
				ProcessInitializeOnLoadAttributes (151ms)
				ProcessInitializeOnLoadMethodAttributes (16ms)
				AfterProcessingInitializeOnLoad (3ms)
				EditorAssembliesLoaded (0ms)
			ExecutionOrderSort2 (0ms)
			AwakeInstancesAfterBackupRestoration (7ms)
Platform modules already initialized, skipping
Refreshing native plugins compatible for Editor in 1.25 ms, found 3 plugins.
Preloading 0 native plugins for Editor in 0.00 ms.
Unloading 2916 Unused Serialized files (Serialized files now loaded: 0)
Unloading 15 unused Assets / (47.0 KB). Loaded Objects now: 3437.
Memory consumption went from 107.8 MB to 107.7 MB.
Total: 2.256300 ms (FindLiveObjects: 0.198700 ms CreateObjectMapping: 0.060100 ms MarkObjects: 1.952500 ms  DeleteObjects: 0.044500 ms)

AssetImportParameters requested are different than current active one (requested -> active):
  custom:video-decoder-ogg-theora: a1e56fd34408186e4bbccfd4996cb3dc -> 
  custom:container-muxer-webm: aa71ff27fc2769a1b78a27578f13a17b -> 
  custom:container-demuxer-webm: 4f35f7cbe854078d1ac9338744f61a02 -> 
  custom:video-encoder-webm-vp8: eb34c28f22e8b96e1ab97ce403110664 -> 
  custom:audio-encoder-webm-vorbis: bf7c407c2cedff20999df2af8eb42d56 -> 
  custom:framework-win-MediaFoundation: 216162199b28c13a410421893ffa2e32 -> 
  custom:container-demuxer-ogg: 62fdf1f143b41e24485cea50d1cbac27 -> 
  custom:video-decoder-webm-vp8: 9c59270c3fd7afecdb556c50c9e8de78 -> 
  custom:audio-decoder-ogg-vorbis: bf7c407c2cedff20999df2af8eb42d56 -> 
========================================================================
Received Prepare
Registering precompiled user dll's ...
Registered in 0.003112 seconds.
Begin MonoManager ReloadAssembly
Symbol file LoadedFromMemory doesn't match image D:\Projects\Unity\UnityMrtTest2\Library\PackageCache\com.unity.visualscripting@1.8.0\Editor\VisualScripting.Core\Dependencies\YamlDotNet\Unity.VisualScripting.YamlDotNet.dll
Symbol file LoadedFromMemory doesn't match image D:\Projects\Unity\UnityMrtTest2\Library\PackageCache\com.unity.visualscripting@1.8.0\Editor\VisualScripting.Core\Dependencies\DotNetZip\Unity.VisualScripting.IonicZip.dll
Native extension for WindowsStandalone target not found
Native extension for Android target not found
Native extension for WebGL target not found
Refreshing native plugins compatible for Editor in 0.56 ms, found 3 plugins.
Preloading 0 native plugins for Editor in 0.00 ms.
Mono: successfully reloaded assembly
- Completed reload, in  0.762 seconds
Domain Reload Profiling:
	ReloadAssembly (763ms)
		BeginReloadAssembly (124ms)
			ExecutionOrderSort (0ms)
			DisableScriptedObjects (6ms)
			BackupInstance (0ms)
			ReleaseScriptingObjects (0ms)
			CreateAndSetChildDomain (27ms)
		EndReloadAssembly (558ms)
			LoadAssemblies (87ms)
			RebuildTransferFunctionScriptingTraits (0ms)
			SetupTypeCache (178ms)
			ReleaseScriptCaches (1ms)
			RebuildScriptCaches (34ms)
			SetupLoadedEditorAssemblies (240ms)
				LogAssemblyErrors (0ms)
				InitializePlatformSupportModulesInManaged (16ms)
				SetLoadedEditorAssemblies (0ms)
				RefreshPlugins (1ms)
				BeforeProcessingInitializeOnLoad (42ms)
				ProcessInitializeOnLoadAttributes (161ms)
				ProcessInitializeOnLoadMethodAttributes (17ms)
				AfterProcessingInitializeOnLoad (3ms)
				EditorAssembliesLoaded (0ms)
			ExecutionOrderSort2 (0ms)
			AwakeInstancesAfterBackupRestoration (6ms)
Platform modules already initialized, skipping
Refreshing native plugins compatible for Editor in 1.54 ms, found 3 plugins.
Preloading 0 native plugins for Editor in 0.00 ms.
Unloading 2915 Unused Serialized files (Serialized files now loaded: 0)
Unloading 15 unused Assets / (47.0 KB). Loaded Objects now: 3440.
Memory consumption went from 107.7 MB to 107.6 MB.
Total: 2.309200 ms (FindLiveObjects: 0.212900 ms CreateObjectMapping: 0.072200 ms MarkObjects: 1.978700 ms  DeleteObjects: 0.044800 ms)

AssetImportParameters requested are different than current active one (requested -> active):
  custom:video-decoder-ogg-theora: a1e56fd34408186e4bbccfd4996cb3dc -> 
  custom:container-muxer-webm: aa71ff27fc2769a1b78a27578f13a17b -> 
  custom:container-demuxer-webm: 4f35f7cbe854078d1ac9338744f61a02 -> 
  custom:video-encoder-webm-vp8: eb34c28f22e8b96e1ab97ce403110664 -> 
  custom:audio-encoder-webm-vorbis: bf7c407c2cedff20999df2af8eb42d56 -> 
  custom:framework-win-MediaFoundation: 216162199b28c13a410421893ffa2e32 -> 
  custom:container-demuxer-ogg: 62fdf1f143b41e24485cea50d1cbac27 -> 
  custom:video-decoder-webm-vp8: 9c59270c3fd7afecdb556c50c9e8de78 -> 
  custom:audio-decoder-ogg-vorbis: bf7c407c2cedff20999df2af8eb42d56 -> 
========================================================================
Received Prepare
Registering precompiled user dll's ...
Registered in 0.003208 seconds.
Begin MonoManager ReloadAssembly
Symbol file LoadedFromMemory doesn't match image D:\Projects\Unity\UnityMrtTest2\Library\PackageCache\com.unity.visualscripting@1.8.0\Editor\VisualScripting.Core\Dependencies\YamlDotNet\Unity.VisualScripting.YamlDotNet.dll
Symbol file LoadedFromMemory doesn't match image D:\Projects\Unity\UnityMrtTest2\Library\PackageCache\com.unity.visualscripting@1.8.0\Editor\VisualScripting.Core\Dependencies\DotNetZip\Unity.VisualScripting.IonicZip.dll
Native extension for WindowsStandalone target not found
Native extension for Android target not found
Native extension for WebGL target not found
Refreshing native plugins compatible for Editor in 0.63 ms, found 3 plugins.
Preloading 0 native plugins for Editor in 0.00 ms.
Mono: successfully reloaded assembly
- Completed reload, in  0.723 seconds
Domain Reload Profiling:
	ReloadAssembly (723ms)
		BeginReloadAssembly (110ms)
			ExecutionOrderSort (0ms)
			DisableScriptedObjects (5ms)
			BackupInstance (0ms)
			ReleaseScriptingObjects (0ms)
			CreateAndSetChildDomain (27ms)
		EndReloadAssembly (536ms)
			LoadAssemblies (73ms)
			RebuildTransferFunctionScriptingTraits (0ms)
			SetupTypeCache (172ms)
			ReleaseScriptCaches (1ms)
			RebuildScriptCaches (34ms)
			SetupLoadedEditorAssemblies (228ms)
				LogAssemblyErrors (0ms)
				InitializePlatformSupportModulesInManaged (15ms)
				SetLoadedEditorAssemblies (0ms)
				RefreshPlugins (1ms)
				BeforeProcessingInitializeOnLoad (40ms)
				ProcessInitializeOnLoadAttributes (152ms)
				ProcessInitializeOnLoadMethodAttributes (16ms)
				AfterProcessingInitializeOnLoad (3ms)
				EditorAssembliesLoaded (0ms)
			ExecutionOrderSort2 (0ms)
			AwakeInstancesAfterBackupRestoration (6ms)
Platform modules already initialized, skipping
Refreshing native plugins compatible for Editor in 1.30 ms, found 3 plugins.
Preloading 0 native plugins for Editor in 0.00 ms.
Unloading 2915 Unused Serialized files (Serialized files now loaded: 0)
Unloading 15 unused Assets / (47.0 KB). Loaded Objects now: 3443.
Memory consumption went from 107.7 MB to 107.6 MB.
Total: 2.212500 ms (FindLiveObjects: 0.210200 ms CreateObjectMapping: 0.059900 ms MarkObjects: 1.891900 ms  DeleteObjects: 0.049600 ms)

AssetImportParameters requested are different than current active one (requested -> active):
  custom:video-decoder-ogg-theora: a1e56fd34408186e4bbccfd4996cb3dc -> 
  custom:container-muxer-webm: aa71ff27fc2769a1b78a27578f13a17b -> 
  custom:container-demuxer-webm: 4f35f7cbe854078d1ac9338744f61a02 -> 
  custom:video-encoder-webm-vp8: eb34c28f22e8b96e1ab97ce403110664 -> 
  custom:audio-encoder-webm-vorbis: bf7c407c2cedff20999df2af8eb42d56 -> 
  custom:framework-win-MediaFoundation: 216162199b28c13a410421893ffa2e32 -> 
  custom:container-demuxer-ogg: 62fdf1f143b41e24485cea50d1cbac27 -> 
  custom:video-decoder-webm-vp8: 9c59270c3fd7afecdb556c50c9e8de78 -> 
  custom:audio-decoder-ogg-vorbis: bf7c407c2cedff20999df2af8eb42d56 -> 
========================================================================
Received Prepare
Registering precompiled user dll's ...
Registered in 0.003392 seconds.
Begin MonoManager ReloadAssembly
Symbol file LoadedFromMemory doesn't match image D:\Projects\Unity\UnityMrtTest2\Library\PackageCache\com.unity.visualscripting@1.8.0\Editor\VisualScripting.Core\Dependencies\YamlDotNet\Unity.VisualScripting.YamlDotNet.dll
Symbol file LoadedFromMemory doesn't match image D:\Projects\Unity\UnityMrtTest2\Library\PackageCache\com.unity.visualscripting@1.8.0\Editor\VisualScripting.Core\Dependencies\DotNetZip\Unity.VisualScripting.IonicZip.dll
Native extension for WindowsStandalone target not found
Native extension for Android target not found
Native extension for WebGL target not found
Refreshing native plugins compatible for Editor in 0.54 ms, found 3 plugins.
Preloading 0 native plugins for Editor in 0.00 ms.
Mono: successfully reloaded assembly
- Completed reload, in  0.762 seconds
Domain Reload Profiling:
	ReloadAssembly (763ms)
		BeginReloadAssembly (140ms)
			ExecutionOrderSort (0ms)
			DisableScriptedObjects (5ms)
			BackupInstance (0ms)
			ReleaseScriptingObjects (0ms)
			CreateAndSetChildDomain (28ms)
		EndReloadAssembly (542ms)
			LoadAssemblies (102ms)
			RebuildTransferFunctionScriptingTraits (0ms)
			SetupTypeCache (175ms)
			ReleaseScriptCaches (1ms)
			RebuildScriptCaches (35ms)
			SetupLoadedEditorAssemblies (227ms)
				LogAssemblyErrors (0ms)
				InitializePlatformSupportModulesInManaged (15ms)
				SetLoadedEditorAssemblies (0ms)
				RefreshPlugins (1ms)
				BeforeProcessingInitializeOnLoad (41ms)
				ProcessInitializeOnLoadAttributes (151ms)
				ProcessInitializeOnLoadMethodAttributes (16ms)
				AfterProcessingInitializeOnLoad (3ms)
				EditorAssembliesLoaded (0ms)
			ExecutionOrderSort2 (0ms)
			AwakeInstancesAfterBackupRestoration (7ms)
Platform modules already initialized, skipping
Refreshing native plugins compatible for Editor in 1.27 ms, found 3 plugins.
Preloading 0 native plugins for Editor in 0.00 ms.
Unloading 2915 Unused Serialized files (Serialized files now loaded: 0)
Unloading 15 unused Assets / (47.1 KB). Loaded Objects now: 3446.
Memory consumption went from 107.7 MB to 107.6 MB.
Total: 2.158000 ms (FindLiveObjects: 0.200400 ms CreateObjectMapping: 0.071600 ms MarkObjects: 1.840000 ms  DeleteObjects: 0.045300 ms)

AssetImportParameters requested are different than current active one (requested -> active):
  custom:video-decoder-ogg-theora: a1e56fd34408186e4bbccfd4996cb3dc -> 
  custom:container-muxer-webm: aa71ff27fc2769a1b78a27578f13a17b -> 
  custom:container-demuxer-webm: 4f35f7cbe854078d1ac9338744f61a02 -> 
  custom:video-encoder-webm-vp8: eb34c28f22e8b96e1ab97ce403110664 -> 
  custom:audio-encoder-webm-vorbis: bf7c407c2cedff20999df2af8eb42d56 -> 
  custom:framework-win-MediaFoundation: 216162199b28c13a410421893ffa2e32 -> 
  custom:container-demuxer-ogg: 62fdf1f143b41e24485cea50d1cbac27 -> 
  custom:video-decoder-webm-vp8: 9c59270c3fd7afecdb556c50c9e8de78 -> 
  custom:audio-decoder-ogg-vorbis: bf7c407c2cedff20999df2af8eb42d56 -> 
========================================================================
Received Prepare
Registering precompiled user dll's ...
Registered in 0.003476 seconds.
Begin MonoManager ReloadAssembly
Symbol file LoadedFromMemory doesn't match image D:\Projects\Unity\UnityMrtTest2\Library\PackageCache\com.unity.visualscripting@1.8.0\Editor\VisualScripting.Core\Dependencies\YamlDotNet\Unity.VisualScripting.YamlDotNet.dll
Symbol file LoadedFromMemory doesn't match image D:\Projects\Unity\UnityMrtTest2\Library\PackageCache\com.unity.visualscripting@1.8.0\Editor\VisualScripting.Core\Dependencies\DotNetZip\Unity.VisualScripting.IonicZip.dll
Native extension for WindowsStandalone target not found
Native extension for Android target not found
Native extension for WebGL target not found
Refreshing native plugins compatible for Editor in 0.48 ms, found 3 plugins.
Preloading 0 native plugins for Editor in 0.00 ms.
Mono: successfully reloaded assembly
- Completed reload, in  0.735 seconds
Domain Reload Profiling:
	ReloadAssembly (736ms)
		BeginReloadAssembly (128ms)
			ExecutionOrderSort (0ms)
			DisableScriptedObjects (6ms)
			BackupInstance (0ms)
			ReleaseScriptingObjects (0ms)
			CreateAndSetChildDomain (27ms)
		EndReloadAssembly (531ms)
			LoadAssemblies (88ms)
			RebuildTransferFunctionScriptingTraits (0ms)
			SetupTypeCache (168ms)
			ReleaseScriptCaches (1ms)
			RebuildScriptCaches (33ms)
			SetupLoadedEditorAssemblies (228ms)
				LogAssemblyErrors (0ms)
				InitializePlatformSupportModulesInManaged (16ms)
				SetLoadedEditorAssemblies (0ms)
				RefreshPlugins (1ms)
				BeforeProcessingInitializeOnLoad (41ms)
				ProcessInitializeOnLoadAttributes (151ms)
				ProcessInitializeOnLoadMethodAttributes (16ms)
				AfterProcessingInitializeOnLoad (3ms)
				EditorAssembliesLoaded (0ms)
			ExecutionOrderSort2 (0ms)
			AwakeInstancesAfterBackupRestoration (6ms)
Platform modules already initialized, skipping
Refreshing native plugins compatible for Editor in 1.14 ms, found 3 plugins.
Preloading 0 native plugins for Editor in 0.00 ms.
Unloading 2915 Unused Serialized files (Serialized files now loaded: 0)
Unloading 15 unused Assets / (47.1 KB). Loaded Objects now: 3449.
Memory consumption went from 107.7 MB to 107.7 MB.
Total: 2.188900 ms (FindLiveObjects: 0.202100 ms CreateObjectMapping: 0.058200 ms MarkObjects: 1.883700 ms  DeleteObjects: 0.044100 ms)

AssetImportParameters requested are different than current active one (requested -> active):
  custom:video-decoder-ogg-theora: a1e56fd34408186e4bbccfd4996cb3dc -> 
  custom:container-muxer-webm: aa71ff27fc2769a1b78a27578f13a17b -> 
  custom:container-demuxer-webm: 4f35f7cbe854078d1ac9338744f61a02 -> 
  custom:video-encoder-webm-vp8: eb34c28f22e8b96e1ab97ce403110664 -> 
  custom:audio-encoder-webm-vorbis: bf7c407c2cedff20999df2af8eb42d56 -> 
  custom:framework-win-MediaFoundation: 216162199b28c13a410421893ffa2e32 -> 
  custom:container-demuxer-ogg: 62fdf1f143b41e24485cea50d1cbac27 -> 
  custom:video-decoder-webm-vp8: 9c59270c3fd7afecdb556c50c9e8de78 -> 
  custom:audio-decoder-ogg-vorbis: bf7c407c2cedff20999df2af8eb42d56 -> 
========================================================================
Received Import Request.
  Time since last request: 399.708736 seconds.
  path: Assets/MyStencil/PLANE.mat
  artifactKey: Guid(f203c9877c3493b4f9b4177ae6558e4a) Importer(815301076,1909f56bfc062723c751e8b465ee728b)
Start importing Assets/MyStencil/PLANE.mat using Guid(f203c9877c3493b4f9b4177ae6558e4a) Importer(815301076,1909f56bfc062723c751e8b465ee728b)  -> (artifact id: '0c71e391cb5159571c53c4a2290d375e') in 0.067858 seconds 
========================================================================
Received Prepare
Registering precompiled user dll's ...
Registered in 0.003418 seconds.
Begin MonoManager ReloadAssembly
Symbol file LoadedFromMemory doesn't match image D:\Projects\Unity\UnityMrtTest2\Library\PackageCache\com.unity.visualscripting@1.8.0\Editor\VisualScripting.Core\Dependencies\YamlDotNet\Unity.VisualScripting.YamlDotNet.dll
Symbol file LoadedFromMemory doesn't match image D:\Projects\Unity\UnityMrtTest2\Library\PackageCache\com.unity.visualscripting@1.8.0\Editor\VisualScripting.Core\Dependencies\DotNetZip\Unity.VisualScripting.IonicZip.dll
Native extension for WindowsStandalone target not found
Native extension for Android target not found
Native extension for WebGL target not found
Refreshing native plugins compatible for Editor in 0.55 ms, found 3 plugins.
Preloading 0 native plugins for Editor in 0.00 ms.
Mono: successfully reloaded assembly
- Completed reload, in  0.736 seconds
Domain Reload Profiling:
	ReloadAssembly (737ms)
		BeginReloadAssembly (127ms)
			ExecutionOrderSort (0ms)
			DisableScriptedObjects (4ms)
			BackupInstance (0ms)
			ReleaseScriptingObjects (0ms)
			CreateAndSetChildDomain (28ms)
		EndReloadAssembly (532ms)
			LoadAssemblies (89ms)
			RebuildTransferFunctionScriptingTraits (0ms)
			SetupTypeCache (172ms)
			ReleaseScriptCaches (1ms)
			RebuildScriptCaches (33ms)
			SetupLoadedEditorAssemblies (226ms)
				LogAssemblyErrors (0ms)
				InitializePlatformSupportModulesInManaged (16ms)
				SetLoadedEditorAssemblies (0ms)
				RefreshPlugins (1ms)
				BeforeProcessingInitializeOnLoad (41ms)
				ProcessInitializeOnLoadAttributes (149ms)
				ProcessInitializeOnLoadMethodAttributes (16ms)
				AfterProcessingInitializeOnLoad (3ms)
				EditorAssembliesLoaded (0ms)
			ExecutionOrderSort2 (0ms)
			AwakeInstancesAfterBackupRestoration (6ms)
Platform modules already initialized, skipping
Refreshing native plugins compatible for Editor in 1.28 ms, found 3 plugins.
Preloading 0 native plugins for Editor in 0.00 ms.
Unloading 2915 Unused Serialized files (Serialized files now loaded: 0)
Unloading 14 unused Assets / (24.6 KB). Loaded Objects now: 3453.
Memory consumption went from 107.7 MB to 107.7 MB.
Total: 2.271600 ms (FindLiveObjects: 0.206400 ms CreateObjectMapping: 0.056500 ms MarkObjects: 1.995100 ms  DeleteObjects: 0.012800 ms)

AssetImportParameters requested are different than current active one (requested -> active):
  custom:video-decoder-ogg-theora: a1e56fd34408186e4bbccfd4996cb3dc -> 
  custom:container-muxer-webm: aa71ff27fc2769a1b78a27578f13a17b -> 
  custom:container-demuxer-webm: 4f35f7cbe854078d1ac9338744f61a02 -> 
  custom:video-encoder-webm-vp8: eb34c28f22e8b96e1ab97ce403110664 -> 
  custom:audio-encoder-webm-vorbis: bf7c407c2cedff20999df2af8eb42d56 -> 
  custom:framework-win-MediaFoundation: 216162199b28c13a410421893ffa2e32 -> 
  custom:container-demuxer-ogg: 62fdf1f143b41e24485cea50d1cbac27 -> 
  custom:video-decoder-webm-vp8: 9c59270c3fd7afecdb556c50c9e8de78 -> 
  custom:audio-decoder-ogg-vorbis: bf7c407c2cedff20999df2af8eb42d56 -> 
========================================================================
Received Import Request.
  Time since last request: 128.751951 seconds.
  path: Assets/MyStencil/PLANE.mat
  artifactKey: Guid(f203c9877c3493b4f9b4177ae6558e4a) Importer(815301076,1909f56bfc062723c751e8b465ee728b)
Start importing Assets/MyStencil/PLANE.mat using Guid(f203c9877c3493b4f9b4177ae6558e4a) Importer(815301076,1909f56bfc062723c751e8b465ee728b)  -> (artifact id: '45e6f2b67835a82e630ec3ed132d4462') in 0.061318 seconds 
========================================================================
Received Import Request.
  Time since last request: 75809.586195 seconds.
  path: Assets/Test.unity
  artifactKey: Guid(986bd956041654cbda974b84dff2c951) Importer(815301076,1909f56bfc062723c751e8b465ee728b)
Start importing Assets/Test.unity using Guid(986bd956041654cbda974b84dff2c951) Importer(815301076,1909f56bfc062723c751e8b465ee728b)  -> (artifact id: 'd9eea2e85101473d1b9e3160e892ebda') in 0.010786 seconds 
========================================================================
Received Import Request.
  Time since last request: 18.990992 seconds.
  path: Assets/OtherMRT
  artifactKey: Guid(8c014b77b3ef41b4e892f8122ae20c05) Importer(815301076,1909f56bfc062723c751e8b465ee728b)
Start importing Assets/OtherMRT using Guid(8c014b77b3ef41b4e892f8122ae20c05) Importer(815301076,1909f56bfc062723c751e8b465ee728b)  -> (artifact id: 'ab1eeb98c0621465cd0110d314d407ac') in 0.002145 seconds 
========================================================================
Received Prepare
Registering precompiled user dll's ...
Registered in 0.003605 seconds.
Begin MonoManager ReloadAssembly
Symbol file LoadedFromMemory doesn't match image D:\Projects\Unity\UnityMrtTest2\Library\PackageCache\com.unity.visualscripting@1.8.0\Editor\VisualScripting.Core\Dependencies\YamlDotNet\Unity.VisualScripting.YamlDotNet.dll
Symbol file LoadedFromMemory doesn't match image D:\Projects\Unity\UnityMrtTest2\Library\PackageCache\com.unity.visualscripting@1.8.0\Editor\VisualScripting.Core\Dependencies\DotNetZip\Unity.VisualScripting.IonicZip.dll
Native extension for WindowsStandalone target not found
Native extension for Android target not found
Native extension for WebGL target not found
Refreshing native plugins compatible for Editor in 0.51 ms, found 3 plugins.
Preloading 0 native plugins for Editor in 0.00 ms.
Mono: successfully reloaded assembly
- Completed reload, in  0.867 seconds
Domain Reload Profiling:
	ReloadAssembly (868ms)
		BeginReloadAssembly (219ms)
			ExecutionOrderSort (0ms)
			DisableScriptedObjects (17ms)
			BackupInstance (0ms)
			ReleaseScriptingObjects (0ms)
			CreateAndSetChildDomain (61ms)
		EndReloadAssembly (568ms)
			LoadAssemblies (108ms)
			RebuildTransferFunctionScriptingTraits (0ms)
			SetupTypeCache (189ms)
			ReleaseScriptCaches (1ms)
			RebuildScriptCaches (34ms)
			SetupLoadedEditorAssemblies (236ms)
				LogAssemblyErrors (0ms)
				InitializePlatformSupportModulesInManaged (16ms)
				SetLoadedEditorAssemblies (0ms)
				RefreshPlugins (1ms)
				BeforeProcessingInitializeOnLoad (41ms)
				ProcessInitializeOnLoadAttributes (158ms)
				ProcessInitializeOnLoadMethodAttributes (17ms)
				AfterProcessingInitializeOnLoad (3ms)
				EditorAssembliesLoaded (0ms)
			ExecutionOrderSort2 (0ms)
			AwakeInstancesAfterBackupRestoration (7ms)
Platform modules already initialized, skipping
Refreshing native plugins compatible for Editor in 1.43 ms, found 3 plugins.
Preloading 0 native plugins for Editor in 0.00 ms.
Unloading 2914 Unused Serialized files (Serialized files now loaded: 0)
Unloading 14 unused Assets / (24.7 KB). Loaded Objects now: 3456.
Memory consumption went from 107.5 MB to 107.5 MB.
Total: 2.895400 ms (FindLiveObjects: 0.217400 ms CreateObjectMapping: 0.062000 ms MarkObjects: 2.569600 ms  DeleteObjects: 0.045700 ms)

AssetImportParameters requested are different than current active one (requested -> active):
  custom:video-decoder-ogg-theora: a1e56fd34408186e4bbccfd4996cb3dc -> 
  custom:container-muxer-webm: aa71ff27fc2769a1b78a27578f13a17b -> 
  custom:container-demuxer-webm: 4f35f7cbe854078d1ac9338744f61a02 -> 
  custom:video-encoder-webm-vp8: eb34c28f22e8b96e1ab97ce403110664 -> 
  custom:audio-encoder-webm-vorbis: bf7c407c2cedff20999df2af8eb42d56 -> 
  custom:framework-win-MediaFoundation: 216162199b28c13a410421893ffa2e32 -> 
  custom:container-demuxer-ogg: 62fdf1f143b41e24485cea50d1cbac27 -> 
  custom:video-decoder-webm-vp8: 9c59270c3fd7afecdb556c50c9e8de78 -> 
  custom:audio-decoder-ogg-vorbis: bf7c407c2cedff20999df2af8eb42d56 -> 
========================================================================
Received Import Request.
  Time since last request: 28.633837 seconds.
  path: Assets/MyStencil/PLANE.mat
  artifactKey: Guid(f203c9877c3493b4f9b4177ae6558e4a) Importer(815301076,1909f56bfc062723c751e8b465ee728b)
Start importing Assets/MyStencil/PLANE.mat using Guid(f203c9877c3493b4f9b4177ae6558e4a) Importer(815301076,1909f56bfc062723c751e8b465ee728b)  -> (artifact id: '3ed50d1d5426be2adfdc07882ca0fd44') in 0.058526 seconds 
========================================================================
Received Import Request.
  Time since last request: 18.643502 seconds.
  path: Assets/MyStencil/stencilTest.unity
  artifactKey: Guid(21f262dcbf1db6e47bff276a31e38893) Importer(815301076,1909f56bfc062723c751e8b465ee728b)
Start importing Assets/MyStencil/stencilTest.unity using Guid(21f262dcbf1db6e47bff276a31e38893) Importer(815301076,1909f56bfc062723c751e8b465ee728b)  -> (artifact id: '2b4cb65d50939ae13ed2b8fc01a604bd') in 0.001328 seconds 
========================================================================
Received Import Request.
  Time since last request: 7704.607226 seconds.
  path: Assets/OtherMRT/MrtTest.cs
  artifactKey: Guid(8f1af47a39a6d4be9bae115859a31ef0) Importer(815301076,1909f56bfc062723c751e8b465ee728b)
Start importing Assets/OtherMRT/MrtTest.cs using Guid(8f1af47a39a6d4be9bae115859a31ef0) Importer(815301076,1909f56bfc062723c751e8b465ee728b)  -> (artifact id: '627c669acd58ddc3aecfa5af0eb87193') in 0.007045 seconds 
========================================================================
Received Import Request.
  Time since last request: 1.438598 seconds.
  path: Assets/OtherMRT/MrtTest.cs
  artifactKey: Guid(8f1af47a39a6d4be9bae115859a31ef0) Importer(815301076,1909f56bfc062723c751e8b465ee728b)
Start importing Assets/OtherMRT/MrtTest.cs using Guid(8f1af47a39a6d4be9bae115859a31ef0) Importer(815301076,1909f56bfc062723c751e8b465ee728b)  -> (artifact id: '3064ec539f35ee88731c95fd22728779') in 0.001598 seconds 
========================================================================
Received Import Request.
  Time since last request: 39.518166 seconds.
  path: Assets/OtherMRT/MrtTest.cs
  artifactKey: Guid(8f1af47a39a6d4be9bae115859a31ef0) Importer(815301076,1909f56bfc062723c751e8b465ee728b)
Start importing Assets/OtherMRT/MrtTest.cs using Guid(8f1af47a39a6d4be9bae115859a31ef0) Importer(815301076,1909f56bfc062723c751e8b465ee728b)  -> (artifact id: '19886b87ef7d28cb4e53a5de96c92d5e') in 0.001697 seconds 
========================================================================
Received Import Request.
  Time since last request: 746.341047 seconds.
  path: Assets/OtherMRT/MrtTest.cs
  artifactKey: Guid(8f1af47a39a6d4be9bae115859a31ef0) Importer(815301076,1909f56bfc062723c751e8b465ee728b)
Start importing Assets/OtherMRT/MrtTest.cs using Guid(8f1af47a39a6d4be9bae115859a31ef0) Importer(815301076,1909f56bfc062723c751e8b465ee728b)  -> (artifact id: '7e3c709d7b8e85b8da8c185d4a530b3e') in 0.001454 seconds 
========================================================================
Received Import Request.
  Time since last request: 4.348172 seconds.
  path: Assets/OtherMRT/MrtTest.cs
  artifactKey: Guid(8f1af47a39a6d4be9bae115859a31ef0) Importer(815301076,1909f56bfc062723c751e8b465ee728b)
Start importing Assets/OtherMRT/MrtTest.cs using Guid(8f1af47a39a6d4be9bae115859a31ef0) Importer(815301076,1909f56bfc062723c751e8b465ee728b)  -> (artifact id: '245fd4b857028d36e9277022feb65c4b') in 0.001295 seconds 
========================================================================
Received Import Request.
  Time since last request: 0.960902 seconds.
  path: Assets/OtherMRT/MrtTest.cs
  artifactKey: Guid(8f1af47a39a6d4be9bae115859a31ef0) Importer(815301076,1909f56bfc062723c751e8b465ee728b)
Start importing Assets/OtherMRT/MrtTest.cs using Guid(8f1af47a39a6d4be9bae115859a31ef0) Importer(815301076,1909f56bfc062723c751e8b465ee728b)  -> (artifact id: 'f4ce23b62e2ca3be34f7f7d3d39ca45b') in 0.001729 seconds 
========================================================================
Received Import Request.
  Time since last request: 1.163449 seconds.
  path: Assets/OtherMRT/MrtTest.cs
  artifactKey: Guid(8f1af47a39a6d4be9bae115859a31ef0) Importer(815301076,1909f56bfc062723c751e8b465ee728b)
Start importing Assets/OtherMRT/MrtTest.cs using Guid(8f1af47a39a6d4be9bae115859a31ef0) Importer(815301076,1909f56bfc062723c751e8b465ee728b)  -> (artifact id: '1dead1c74f202450f20e3ca1e5c09985') in 0.001548 seconds 
========================================================================
Received Import Request.
  Time since last request: 156.479392 seconds.
  path: Assets/OtherMRT/MrtTest.cs
  artifactKey: Guid(8f1af47a39a6d4be9bae115859a31ef0) Importer(815301076,1909f56bfc062723c751e8b465ee728b)
Start importing Assets/OtherMRT/MrtTest.cs using Guid(8f1af47a39a6d4be9bae115859a31ef0) Importer(815301076,1909f56bfc062723c751e8b465ee728b)  -> (artifact id: '2778ac2382578fde45b3cbbda35f35a1') in 0.001511 seconds 
========================================================================
Received Import Request.
  Time since last request: 7.144118 seconds.
  path: Assets/OtherMRT/MrtTest.cs
  artifactKey: Guid(8f1af47a39a6d4be9bae115859a31ef0) Importer(815301076,1909f56bfc062723c751e8b465ee728b)
Start importing Assets/OtherMRT/MrtTest.cs using Guid(8f1af47a39a6d4be9bae115859a31ef0) Importer(815301076,1909f56bfc062723c751e8b465ee728b)  -> (artifact id: 'd845d25ab206362d1f7e0b6a7d689263') in 0.001539 seconds 
========================================================================
Received Import Request.
  Time since last request: 6.249739 seconds.
  path: Assets/OtherMRT/MrtTest.cs
  artifactKey: Guid(8f1af47a39a6d4be9bae115859a31ef0) Importer(815301076,1909f56bfc062723c751e8b465ee728b)
Start importing Assets/OtherMRT/MrtTest.cs using Guid(8f1af47a39a6d4be9bae115859a31ef0) Importer(815301076,1909f56bfc062723c751e8b465ee728b)  -> (artifact id: 'ea4e64ff7c5b4de837feb1501604e08d') in 0.001422 seconds 
========================================================================
Received Import Request.
  Time since last request: 2.348615 seconds.
  path: Assets/OtherMRT/MrtTest.cs
  artifactKey: Guid(8f1af47a39a6d4be9bae115859a31ef0) Importer(815301076,1909f56bfc062723c751e8b465ee728b)
Start importing Assets/OtherMRT/MrtTest.cs using Guid(8f1af47a39a6d4be9bae115859a31ef0) Importer(815301076,1909f56bfc062723c751e8b465ee728b)  -> (artifact id: '831d641a54937ed26ac7f719220e0b92') in 0.001399 seconds 
========================================================================
Received Import Request.
  Time since last request: 158.112877 seconds.
  path: Assets/OtherMRT/MrtTest.cs
  artifactKey: Guid(8f1af47a39a6d4be9bae115859a31ef0) Importer(815301076,1909f56bfc062723c751e8b465ee728b)
Start importing Assets/OtherMRT/MrtTest.cs using Guid(8f1af47a39a6d4be9bae115859a31ef0) Importer(815301076,1909f56bfc062723c751e8b465ee728b)  -> (artifact id: '8e6bc34f75cca6c9ea6ac4b4677c25aa') in 0.001466 seconds 
========================================================================
Received Prepare
Registering precompiled user dll's ...
Registered in 0.003446 seconds.
Begin MonoManager ReloadAssembly
Symbol file LoadedFromMemory doesn't match image D:\Projects\Unity\UnityMrtTest2\Library\PackageCache\com.unity.visualscripting@1.8.0\Editor\VisualScripting.Core\Dependencies\YamlDotNet\Unity.VisualScripting.YamlDotNet.dll
Symbol file LoadedFromMemory doesn't match image D:\Projects\Unity\UnityMrtTest2\Library\PackageCache\com.unity.visualscripting@1.8.0\Editor\VisualScripting.Core\Dependencies\DotNetZip\Unity.VisualScripting.IonicZip.dll
Native extension for WindowsStandalone target not found
Native extension for Android target not found
Native extension for WebGL target not found
Refreshing native plugins compatible for Editor in 0.59 ms, found 3 plugins.
Preloading 0 native plugins for Editor in 0.00 ms.
Mono: successfully reloaded assembly
- Completed reload, in  0.913 seconds
Domain Reload Profiling:
	ReloadAssembly (915ms)
		BeginReloadAssembly (225ms)
			ExecutionOrderSort (0ms)
			DisableScriptedObjects (16ms)
			BackupInstance (0ms)
			ReleaseScriptingObjects (0ms)
			CreateAndSetChildDomain (65ms)
		EndReloadAssembly (601ms)
			LoadAssemblies (111ms)
			RebuildTransferFunctionScriptingTraits (0ms)
			SetupTypeCache (195ms)
			ReleaseScriptCaches (1ms)
			RebuildScriptCaches (37ms)
			SetupLoadedEditorAssemblies (254ms)
				LogAssemblyErrors (0ms)
				InitializePlatformSupportModulesInManaged (17ms)
				SetLoadedEditorAssemblies (0ms)
				RefreshPlugins (1ms)
				BeforeProcessingInitializeOnLoad (44ms)
				ProcessInitializeOnLoadAttributes (170ms)
				ProcessInitializeOnLoadMethodAttributes (18ms)
				AfterProcessingInitializeOnLoad (3ms)
				EditorAssembliesLoaded (0ms)
			ExecutionOrderSort2 (0ms)
			AwakeInstancesAfterBackupRestoration (7ms)
Platform modules already initialized, skipping
Refreshing native plugins compatible for Editor in 1.51 ms, found 3 plugins.
Preloading 0 native plugins for Editor in 0.00 ms.
Unloading 2914 Unused Serialized files (Serialized files now loaded: 0)
Unloading 14 unused Assets / (24.6 KB). Loaded Objects now: 3459.
Memory consumption went from 107.5 MB to 107.5 MB.
Total: 3.088200 ms (FindLiveObjects: 0.225200 ms CreateObjectMapping: 0.068500 ms MarkObjects: 2.658700 ms  DeleteObjects: 0.134600 ms)

AssetImportParameters requested are different than current active one (requested -> active):
  custom:video-decoder-ogg-theora: a1e56fd34408186e4bbccfd4996cb3dc -> 
  custom:container-muxer-webm: aa71ff27fc2769a1b78a27578f13a17b -> 
  custom:container-demuxer-webm: 4f35f7cbe854078d1ac9338744f61a02 -> 
  custom:video-encoder-webm-vp8: eb34c28f22e8b96e1ab97ce403110664 -> 
  custom:audio-encoder-webm-vorbis: bf7c407c2cedff20999df2af8eb42d56 -> 
  custom:framework-win-MediaFoundation: 216162199b28c13a410421893ffa2e32 -> 
  custom:container-demuxer-ogg: 62fdf1f143b41e24485cea50d1cbac27 -> 
  custom:video-decoder-webm-vp8: 9c59270c3fd7afecdb556c50c9e8de78 -> 
  custom:audio-decoder-ogg-vorbis: bf7c407c2cedff20999df2af8eb42d56 -> 
========================================================================
Received Import Request.
  Time since last request: 125.015477 seconds.
  path: Assets/OtherMRT/MrtTest.cs
  artifactKey: Guid(8f1af47a39a6d4be9bae115859a31ef0) Importer(815301076,1909f56bfc062723c751e8b465ee728b)
Start importing Assets/OtherMRT/MrtTest.cs using Guid(8f1af47a39a6d4be9bae115859a31ef0) Importer(815301076,1909f56bfc062723c751e8b465ee728b)  -> (artifact id: '71c4163732b0949c257aeb3efdd70583') in 0.004286 seconds 
========================================================================
Received Prepare
Registering precompiled user dll's ...
Registered in 0.003464 seconds.
Begin MonoManager ReloadAssembly
Symbol file LoadedFromMemory doesn't match image D:\Projects\Unity\UnityMrtTest2\Library\PackageCache\com.unity.visualscripting@1.8.0\Editor\VisualScripting.Core\Dependencies\YamlDotNet\Unity.VisualScripting.YamlDotNet.dll
Symbol file LoadedFromMemory doesn't match image D:\Projects\Unity\UnityMrtTest2\Library\PackageCache\com.unity.visualscripting@1.8.0\Editor\VisualScripting.Core\Dependencies\DotNetZip\Unity.VisualScripting.IonicZip.dll
Native extension for WindowsStandalone target not found
Native extension for Android target not found
Native extension for WebGL target not found
Refreshing native plugins compatible for Editor in 0.61 ms, found 3 plugins.
Preloading 0 native plugins for Editor in 0.00 ms.
Mono: successfully reloaded assembly
- Completed reload, in  0.824 seconds
Domain Reload Profiling:
	ReloadAssembly (825ms)
		BeginReloadAssembly (152ms)
			ExecutionOrderSort (0ms)
			DisableScriptedObjects (6ms)
			BackupInstance (0ms)
			ReleaseScriptingObjects (0ms)
			CreateAndSetChildDomain (33ms)
		EndReloadAssembly (588ms)
			LoadAssemblies (110ms)
			RebuildTransferFunctionScriptingTraits (0ms)
			SetupTypeCache (187ms)
			ReleaseScriptCaches (1ms)
			RebuildScriptCaches (36ms)
			SetupLoadedEditorAssemblies (251ms)
				LogAssemblyErrors (0ms)
				InitializePlatformSupportModulesInManaged (17ms)
				SetLoadedEditorAssemblies (0ms)
				RefreshPlugins (1ms)
				BeforeProcessingInitializeOnLoad (44ms)
				ProcessInitializeOnLoadAttributes (168ms)
				ProcessInitializeOnLoadMethodAttributes (18ms)
				AfterProcessingInitializeOnLoad (3ms)
				EditorAssembliesLoaded (0ms)
			ExecutionOrderSort2 (0ms)
			AwakeInstancesAfterBackupRestoration (8ms)
Platform modules already initialized, skipping
Refreshing native plugins compatible for Editor in 1.46 ms, found 3 plugins.
Preloading 0 native plugins for Editor in 0.00 ms.
Unloading 2914 Unused Serialized files (Serialized files now loaded: 0)
Unloading 14 unused Assets / (24.7 KB). Loaded Objects now: 3462.
Memory consumption went from 107.5 MB to 107.5 MB.
Total: 2.502700 ms (FindLiveObjects: 0.226800 ms CreateObjectMapping: 0.064700 ms MarkObjects: 2.193200 ms  DeleteObjects: 0.016900 ms)

AssetImportParameters requested are different than current active one (requested -> active):
  custom:video-decoder-ogg-theora: a1e56fd34408186e4bbccfd4996cb3dc -> 
  custom:container-muxer-webm: aa71ff27fc2769a1b78a27578f13a17b -> 
  custom:container-demuxer-webm: 4f35f7cbe854078d1ac9338744f61a02 -> 
  custom:video-encoder-webm-vp8: eb34c28f22e8b96e1ab97ce403110664 -> 
  custom:audio-encoder-webm-vorbis: bf7c407c2cedff20999df2af8eb42d56 -> 
  custom:framework-win-MediaFoundation: 216162199b28c13a410421893ffa2e32 -> 
  custom:container-demuxer-ogg: 62fdf1f143b41e24485cea50d1cbac27 -> 
  custom:video-decoder-webm-vp8: 9c59270c3fd7afecdb556c50c9e8de78 -> 
  custom:audio-decoder-ogg-vorbis: bf7c407c2cedff20999df2af8eb42d56 -> 
========================================================================
Received Import Request.
  Time since last request: 12.273328 seconds.
  path: Assets/OtherMRT/MrtTest.cs
  artifactKey: Guid(8f1af47a39a6d4be9bae115859a31ef0) Importer(815301076,1909f56bfc062723c751e8b465ee728b)
Start importing Assets/OtherMRT/MrtTest.cs using Guid(8f1af47a39a6d4be9bae115859a31ef0) Importer(815301076,1909f56bfc062723c751e8b465ee728b)  -> (artifact id: '87db0814130660792dc1347d7eba80af') in 0.005156 seconds 
========================================================================
Received Prepare
Registering precompiled user dll's ...
Registered in 0.003538 seconds.
Begin MonoManager ReloadAssembly
Symbol file LoadedFromMemory doesn't match image D:\Projects\Unity\UnityMrtTest2\Library\PackageCache\com.unity.visualscripting@1.8.0\Editor\VisualScripting.Core\Dependencies\YamlDotNet\Unity.VisualScripting.YamlDotNet.dll
Symbol file LoadedFromMemory doesn't match image D:\Projects\Unity\UnityMrtTest2\Library\PackageCache\com.unity.visualscripting@1.8.0\Editor\VisualScripting.Core\Dependencies\DotNetZip\Unity.VisualScripting.IonicZip.dll
Native extension for WindowsStandalone target not found
Native extension for Android target not found
Native extension for WebGL target not found
Refreshing native plugins compatible for Editor in 0.57 ms, found 3 plugins.
Preloading 0 native plugins for Editor in 0.00 ms.
Mono: successfully reloaded assembly
- Completed reload, in  0.796 seconds
Domain Reload Profiling:
	ReloadAssembly (796ms)
		BeginReloadAssembly (122ms)
			ExecutionOrderSort (0ms)
			DisableScriptedObjects (6ms)
			BackupInstance (0ms)
			ReleaseScriptingObjects (0ms)
			CreateAndSetChildDomain (31ms)
		EndReloadAssembly (590ms)
			LoadAssemblies (82ms)
			RebuildTransferFunctionScriptingTraits (0ms)
			SetupTypeCache (190ms)
			ReleaseScriptCaches (1ms)
			RebuildScriptCaches (37ms)
			SetupLoadedEditorAssemblies (251ms)
				LogAssemblyErrors (0ms)
				InitializePlatformSupportModulesInManaged (17ms)
				SetLoadedEditorAssemblies (0ms)
				RefreshPlugins (1ms)
				BeforeProcessingInitializeOnLoad (44ms)
				ProcessInitializeOnLoadAttributes (167ms)
				ProcessInitializeOnLoadMethodAttributes (19ms)
				AfterProcessingInitializeOnLoad (3ms)
				EditorAssembliesLoaded (0ms)
			ExecutionOrderSort2 (0ms)
			AwakeInstancesAfterBackupRestoration (7ms)
Platform modules already initialized, skipping
Refreshing native plugins compatible for Editor in 1.33 ms, found 3 plugins.
Preloading 0 native plugins for Editor in 0.00 ms.
Unloading 2914 Unused Serialized files (Serialized files now loaded: 0)
Unloading 14 unused Assets / (24.7 KB). Loaded Objects now: 3465.
Memory consumption went from 107.5 MB to 107.5 MB.
Total: 2.363700 ms (FindLiveObjects: 0.226600 ms CreateObjectMapping: 0.061300 ms MarkObjects: 2.059400 ms  DeleteObjects: 0.015700 ms)

AssetImportParameters requested are different than current active one (requested -> active):
  custom:video-decoder-ogg-theora: a1e56fd34408186e4bbccfd4996cb3dc -> 
  custom:container-muxer-webm: aa71ff27fc2769a1b78a27578f13a17b -> 
  custom:container-demuxer-webm: 4f35f7cbe854078d1ac9338744f61a02 -> 
  custom:video-encoder-webm-vp8: eb34c28f22e8b96e1ab97ce403110664 -> 
  custom:audio-encoder-webm-vorbis: bf7c407c2cedff20999df2af8eb42d56 -> 
  custom:framework-win-MediaFoundation: 216162199b28c13a410421893ffa2e32 -> 
  custom:container-demuxer-ogg: 62fdf1f143b41e24485cea50d1cbac27 -> 
  custom:video-decoder-webm-vp8: 9c59270c3fd7afecdb556c50c9e8de78 -> 
  custom:audio-decoder-ogg-vorbis: bf7c407c2cedff20999df2af8eb42d56 -> 
========================================================================
Received Import Request.
  Time since last request: 12.692699 seconds.
  path: Assets/OtherMRT/MrtTest.cs
  artifactKey: Guid(8f1af47a39a6d4be9bae115859a31ef0) Importer(815301076,1909f56bfc062723c751e8b465ee728b)
Start importing Assets/OtherMRT/MrtTest.cs using Guid(8f1af47a39a6d4be9bae115859a31ef0) Importer(815301076,1909f56bfc062723c751e8b465ee728b)  -> (artifact id: 'f72ffe2bb3bc2cd188091977d1cec0dc') in 0.005851 seconds 
========================================================================
Received Prepare
Registering precompiled user dll's ...
Registered in 0.003590 seconds.
Begin MonoManager ReloadAssembly
Symbol file LoadedFromMemory doesn't match image D:\Projects\Unity\UnityMrtTest2\Library\PackageCache\com.unity.visualscripting@1.8.0\Editor\VisualScripting.Core\Dependencies\YamlDotNet\Unity.VisualScripting.YamlDotNet.dll
Symbol file LoadedFromMemory doesn't match image D:\Projects\Unity\UnityMrtTest2\Library\PackageCache\com.unity.visualscripting@1.8.0\Editor\VisualScripting.Core\Dependencies\DotNetZip\Unity.VisualScripting.IonicZip.dll
Native extension for WindowsStandalone target not found
Native extension for Android target not found
Native extension for WebGL target not found
Refreshing native plugins compatible for Editor in 0.58 ms, found 3 plugins.
Preloading 0 native plugins for Editor in 0.00 ms.
Mono: successfully reloaded assembly
- Completed reload, in  0.802 seconds
Domain Reload Profiling:
	ReloadAssembly (803ms)
		BeginReloadAssembly (135ms)
			ExecutionOrderSort (0ms)
			DisableScriptedObjects (6ms)
			BackupInstance (0ms)
			ReleaseScriptingObjects (0ms)
			CreateAndSetChildDomain (31ms)
		EndReloadAssembly (584ms)
			LoadAssemblies (96ms)
			RebuildTransferFunctionScriptingTraits (0ms)
			SetupTypeCache (188ms)
			ReleaseScriptCaches (1ms)
			RebuildScriptCaches (37ms)
			SetupLoadedEditorAssemblies (245ms)
				LogAssemblyErrors (0ms)
				InitializePlatformSupportModulesInManaged (17ms)
				SetLoadedEditorAssemblies (1ms)
				RefreshPlugins (1ms)
				BeforeProcessingInitializeOnLoad (43ms)
				ProcessInitializeOnLoadAttributes (163ms)
				ProcessInitializeOnLoadMethodAttributes (17ms)
				AfterProcessingInitializeOnLoad (3ms)
				EditorAssembliesLoaded (0ms)
			ExecutionOrderSort2 (0ms)
			AwakeInstancesAfterBackupRestoration (8ms)
Platform modules already initialized, skipping
Refreshing native plugins compatible for Editor in 1.39 ms, found 3 plugins.
Preloading 0 native plugins for Editor in 0.00 ms.
Unloading 2914 Unused Serialized files (Serialized files now loaded: 0)
Unloading 14 unused Assets / (24.7 KB). Loaded Objects now: 3468.
Memory consumption went from 107.5 MB to 107.5 MB.
Total: 2.375200 ms (FindLiveObjects: 0.216900 ms CreateObjectMapping: 0.057100 ms MarkObjects: 2.081800 ms  DeleteObjects: 0.018100 ms)

AssetImportParameters requested are different than current active one (requested -> active):
  custom:video-decoder-ogg-theora: a1e56fd34408186e4bbccfd4996cb3dc -> 
  custom:container-muxer-webm: aa71ff27fc2769a1b78a27578f13a17b -> 
  custom:container-demuxer-webm: 4f35f7cbe854078d1ac9338744f61a02 -> 
  custom:video-encoder-webm-vp8: eb34c28f22e8b96e1ab97ce403110664 -> 
  custom:audio-encoder-webm-vorbis: bf7c407c2cedff20999df2af8eb42d56 -> 
  custom:framework-win-MediaFoundation: 216162199b28c13a410421893ffa2e32 -> 
  custom:container-demuxer-ogg: 62fdf1f143b41e24485cea50d1cbac27 -> 
  custom:video-decoder-webm-vp8: 9c59270c3fd7afecdb556c50c9e8de78 -> 
  custom:audio-decoder-ogg-vorbis: bf7c407c2cedff20999df2af8eb42d56 -> 
========================================================================
Received Import Request.
  Time since last request: 3.594220 seconds.
  path: Assets/OtherMRT/MrtTest.cs
  artifactKey: Guid(8f1af47a39a6d4be9bae115859a31ef0) Importer(815301076,1909f56bfc062723c751e8b465ee728b)
Start importing Assets/OtherMRT/MrtTest.cs using Guid(8f1af47a39a6d4be9bae115859a31ef0) Importer(815301076,1909f56bfc062723c751e8b465ee728b)  -> (artifact id: '00000000000000000000000000000000') in 0.001236 seconds  code(4) message(Build asset version error: assets/othermrt/mrttest.cs in SourceAssetDB has modification time of '2024-09-11T09:56:49.5652909Z' while content on disk has modification time of '2024-09-11T09:56:50.9275317Z')
  ERROR: Build asset version error: assets/othermrt/mrttest.cs in SourceAssetDB has modification time of '2024-09-11T09:56:49.5652909Z' while content on disk has modification time of '2024-09-11T09:56:50.9275317Z'
========================================================================
Received Import Request.
  Time since last request: 134.659774 seconds.
  path: Assets/OtherMRT/MrtTest.shader
  artifactKey: Guid(9bcc79947d2854ebc8116bf2947b737e) Importer(815301076,1909f56bfc062723c751e8b465ee728b)
Start importing Assets/OtherMRT/MrtTest.shader using Guid(9bcc79947d2854ebc8116bf2947b737e) Importer(815301076,1909f56bfc062723c751e8b465ee728b)  -> (artifact id: 'c91adb6c1d66133693caf16df1421425') in 0.014110 seconds 
========================================================================
Received Import Request.
  Time since last request: 62.918241 seconds.
  path: Assets/OtherMRT/MrtTest.shader
  artifactKey: Guid(9bcc79947d2854ebc8116bf2947b737e) Importer(815301076,1909f56bfc062723c751e8b465ee728b)
Start importing Assets/OtherMRT/MrtTest.shader using Guid(9bcc79947d2854ebc8116bf2947b737e) Importer(815301076,1909f56bfc062723c751e8b465ee728b)  -> (artifact id: '4458e94cf1b176e3465015d66cd3736e') in 0.004313 seconds 
========================================================================
Received Import Request.
  Time since last request: 2134.034676 seconds.
  path: Assets/OtherMRT/MrtTest.shader
  artifactKey: Guid(9bcc79947d2854ebc8116bf2947b737e) Importer(815301076,1909f56bfc062723c751e8b465ee728b)
Start importing Assets/OtherMRT/MrtTest.shader using Guid(9bcc79947d2854ebc8116bf2947b737e) Importer(815301076,1909f56bfc062723c751e8b465ee728b)  -> (artifact id: 'e138505202159d2a66ac2c84bd575641') in 0.003214 seconds 
========================================================================
Received Import Request.
  Time since last request: 353.167099 seconds.
  path: Assets/OtherMRT/MRT.md
  artifactKey: Guid(368a8a6e1aedc5b479f17ec73a01b1ef) Importer(815301076,1909f56bfc062723c751e8b465ee728b)
Start importing Assets/OtherMRT/MRT.md using Guid(368a8a6e1aedc5b479f17ec73a01b1ef) Importer(815301076,1909f56bfc062723c751e8b465ee728b)  -> (artifact id: 'dd48d548f988ce970fdd3792fac07770') in 0.008816 seconds 
